2023-05-17 00:54:06.566 [DEBUG] [-] c.a.m.S.findPreciselyUserList.java:137 : ==>  Preparing: select user_id, account_name, user_name, phone, password, gender, lock_flag from sys_user WHERE delete_flag = 0 and account_name = ? 
 2023-05-17 00:54:06.566 [DEBUG] [-] c.a.m.S.findPreciselyUserList.java:137 : ==>  Preparing: select user_id, account_name, user_name, phone, password, gender, lock_flag from sys_user WHERE delete_flag = 0 and account_name = ? 
 2023-05-17 00:54:06.566 [DEBUG] [-] c.a.m.S.findPreciselyUserList.java:137 : ==>  Preparing: select user_id, account_name, user_name, phone, password, gender, lock_flag from sys_user WHERE delete_flag = 0 and account_name = ? 
 2023-05-17 00:54:06.573 [DEBUG] [-] c.a.m.S.findPreciselyUserList.java:137 : ==>  Preparing: select user_id, account_name, user_name, phone, password, gender, lock_flag from sys_user WHERE delete_flag = 0 and account_name = ? 
 2023-05-17 00:54:06.604 [DEBUG] [-] c.a.m.S.findPreciselyUserList.java:137 : ==> Parameters: 发电(String) 
 2023-05-17 00:54:06.604 [DEBUG] [-] c.a.m.S.findPreciselyUserList.java:137 : ==> Parameters: 发电(String) 
 2023-05-17 00:54:06.604 [DEBUG] [-] c.a.m.S.findPreciselyUserList.java:137 : ==> Parameters: 发电(String) 
 2023-05-17 00:54:06.604 [DEBUG] [-] c.a.m.S.findPreciselyUserList.java:137 : ==> Parameters: 发电(String) 
 2023-05-17 00:54:06.645 [DEBUG] [-] c.a.m.S.findPreciselyUserList.java:137 : <==      Total: 0 
 2023-05-17 00:54:06.645 [DEBUG] [-] c.a.m.S.findPreciselyUserList.java:137 : <==      Total: 0 
 2023-05-17 00:54:06.645 [DEBUG] [-] c.a.m.S.findPreciselyUserList.java:137 : <==      Total: 0 
 2023-05-17 00:54:06.645 [DEBUG] [-] c.a.m.S.findPreciselyUserList.java:137 : <==      Total: 0 
 2023-05-17 00:54:09.795 [DEBUG] [-] c.a.m.S.findPreciselyUserList.java:137 : ==>  Preparing: select user_id, account_name, user_name, phone, password, gender, lock_flag from sys_user WHERE delete_flag = 0 and account_name = ? 
 2023-05-17 00:54:09.796 [DEBUG] [-] c.a.m.S.findPreciselyUserList.java:137 : ==> Parameters: 发电(String) 
 2023-05-17 00:54:09.798 [DEBUG] [-] c.a.m.S.findPreciselyUserList.java:137 : <==      Total: 0 
 2023-05-17 00:54:10.216 [DEBUG] [-] c.a.m.S.findPreciselyUserList.java:137 : ==>  Preparing: select user_id, account_name, user_name, phone, password, gender, lock_flag from sys_user WHERE delete_flag = 0 and account_name = ? 
 2023-05-17 00:54:10.218 [DEBUG] [-] c.a.m.S.findPreciselyUserList.java:137 : ==> Parameters: 发电(String) 
 2023-05-17 00:54:10.219 [DEBUG] [-] c.a.m.S.findPreciselyUserList.java:137 : <==      Total: 0 
 2023-05-17 00:54:10.542 [DEBUG] [-] c.a.m.S.findPreciselyUserList.java:137 : ==>  Preparing: select user_id, account_name, user_name, phone, password, gender, lock_flag from sys_user WHERE delete_flag = 0 and account_name = ? 
 2023-05-17 00:54:10.543 [DEBUG] [-] c.a.m.S.findPreciselyUserList.java:137 : ==> Parameters: 发电(String) 
 2023-05-17 00:54:10.545 [DEBUG] [-] c.a.m.S.findPreciselyUserList.java:137 : <==      Total: 0 
 2023-05-17 00:54:22.498 [DEBUG] [-] c.a.m.S.findPreciselyUserList.java:137 : ==>  Preparing: select user_id, account_name, user_name, phone, password, gender, lock_flag from sys_user WHERE delete_flag = 0 and account_name = ? 
 2023-05-17 00:54:22.498 [DEBUG] [-] c.a.m.S.findPreciselyUserList.java:137 : ==> Parameters: 物是人非(String) 
 2023-05-17 00:54:22.499 [DEBUG] [-] c.a.m.S.findPreciselyUserList.java:137 : <==      Total: 0 
 2023-05-17 00:54:33.933 [DEBUG] [-] c.a.m.S.findPreciselyUserList.java:137 : ==>  Preparing: select user_id, account_name, user_name, phone, password, gender, lock_flag from sys_user WHERE delete_flag = 0 and account_name = ? 
 2023-05-17 00:54:33.934 [DEBUG] [-] c.a.m.S.findPreciselyUserList.java:137 : ==> Parameters: 1(String) 
 2023-05-17 00:54:33.936 [DEBUG] [-] c.a.m.S.findPreciselyUserList.java:137 : <==      Total: 0 
 2023-05-17 00:56:25.460 [DEBUG] [-] c.a.m.S.findPreciselyUserList.java:137 : ==>  Preparing: select user_id, account_name, user_name, phone, password, gender, lock_flag from sys_user WHERE delete_flag = 0 and account_name = ? 
 2023-05-17 00:56:25.460 [DEBUG] [-] c.a.m.S.findPreciselyUserList.java:137 : ==> Parameters: 1(String) 
 2023-05-17 00:56:25.461 [DEBUG] [-] c.a.m.S.findPreciselyUserList.java:137 : <==      Total: 0 
 2023-05-17 00:56:26.213 [DEBUG] [-] c.a.m.S.findPreciselyUserList.java:137 : ==>  Preparing: select user_id, account_name, user_name, phone, password, gender, lock_flag from sys_user WHERE delete_flag = 0 and account_name = ? 
 2023-05-17 00:56:26.213 [DEBUG] [-] c.a.m.S.findPreciselyUserList.java:137 : ==> Parameters: 1(String) 
 2023-05-17 00:56:26.214 [DEBUG] [-] c.a.m.S.findPreciselyUserList.java:137 : <==      Total: 0 
 2023-05-17 00:56:26.391 [DEBUG] [-] c.a.m.S.findPreciselyUserList.java:137 : ==>  Preparing: select user_id, account_name, user_name, phone, password, gender, lock_flag from sys_user WHERE delete_flag = 0 and account_name = ? 
 2023-05-17 00:56:26.391 [DEBUG] [-] c.a.m.S.findPreciselyUserList.java:137 : ==> Parameters: 1(String) 
 2023-05-17 00:56:26.393 [DEBUG] [-] c.a.m.S.findPreciselyUserList.java:137 : <==      Total: 0 
 2023-05-17 00:56:26.565 [DEBUG] [-] c.a.m.S.findPreciselyUserList.java:137 : ==>  Preparing: select user_id, account_name, user_name, phone, password, gender, lock_flag from sys_user WHERE delete_flag = 0 and account_name = ? 
 2023-05-17 00:56:26.565 [DEBUG] [-] c.a.m.S.findPreciselyUserList.java:137 : ==> Parameters: 1(String) 
 2023-05-17 00:56:26.566 [DEBUG] [-] c.a.m.S.findPreciselyUserList.java:137 : <==      Total: 0 
 2023-05-17 00:57:08.448 [DEBUG] [-] c.a.m.S.findPreciselyUserList.java:137 : ==>  Preparing: select user_id, account_name, user_name, phone, password, gender, lock_flag from sys_user WHERE delete_flag = 0 and account_name = ? 
 2023-05-17 00:57:08.450 [DEBUG] [-] c.a.m.S.findPreciselyUserList.java:137 : ==> Parameters: 超级管理员(String) 
 2023-05-17 00:57:08.451 [DEBUG] [-] c.a.m.S.findPreciselyUserList.java:137 : <==      Total: 0 
 2023-05-17 00:57:09.136 [DEBUG] [-] c.a.m.S.findPreciselyUserList.java:137 : ==>  Preparing: select user_id, account_name, user_name, phone, password, gender, lock_flag from sys_user WHERE delete_flag = 0 and account_name = ? 
 2023-05-17 00:57:09.138 [DEBUG] [-] c.a.m.S.findPreciselyUserList.java:137 : ==> Parameters: 超级管理员(String) 
 2023-05-17 00:57:09.140 [DEBUG] [-] c.a.m.S.findPreciselyUserList.java:137 : <==      Total: 0 
 2023-05-17 00:57:09.314 [DEBUG] [-] c.a.m.S.findPreciselyUserList.java:137 : ==>  Preparing: select user_id, account_name, user_name, phone, password, gender, lock_flag from sys_user WHERE delete_flag = 0 and account_name = ? 
 2023-05-17 00:57:09.315 [DEBUG] [-] c.a.m.S.findPreciselyUserList.java:137 : ==> Parameters: 超级管理员(String) 
 2023-05-17 00:57:09.316 [DEBUG] [-] c.a.m.S.findPreciselyUserList.java:137 : <==      Total: 0 
 2023-05-17 00:57:09.512 [DEBUG] [-] c.a.m.S.findPreciselyUserList.java:137 : ==>  Preparing: select user_id, account_name, user_name, phone, password, gender, lock_flag from sys_user WHERE delete_flag = 0 and account_name = ? 
 2023-05-17 00:57:09.513 [DEBUG] [-] c.a.m.S.findPreciselyUserList.java:137 : ==> Parameters: 超级管理员(String) 
 2023-05-17 00:57:09.514 [DEBUG] [-] c.a.m.S.findPreciselyUserList.java:137 : <==      Total: 0 
 2023-05-17 00:57:22.263 [DEBUG] [-] c.a.m.S.findPreciselyUserList.java:137 : ==>  Preparing: select user_id, account_name, user_name, phone, password, gender, lock_flag from sys_user WHERE delete_flag = 0 and account_name = ? 
 2023-05-17 00:57:22.264 [DEBUG] [-] c.a.m.S.findPreciselyUserList.java:137 : ==> Parameters: admin(String) 
 2023-05-17 00:57:22.269 [DEBUG] [-] c.a.m.S.findPreciselyUserList.java:137 : <==      Total: 1 
 2023-05-17 00:57:22.917 [DEBUG] [-] c.a.m.S.findPreciselyUserList.java:137 : ==>  Preparing: select user_id, account_name, user_name, phone, password, gender, lock_flag from sys_user WHERE delete_flag = 0 and account_name = ? 
 2023-05-17 00:57:22.918 [DEBUG] [-] c.a.m.S.findPreciselyUserList.java:137 : ==> Parameters: admin(String) 
 2023-05-17 00:57:22.920 [DEBUG] [-] c.a.m.S.findPreciselyUserList.java:137 : <==      Total: 1 
 2023-05-17 00:57:23.131 [DEBUG] [-] c.a.m.S.findPreciselyUserList.java:137 : ==>  Preparing: select user_id, account_name, user_name, phone, password, gender, lock_flag from sys_user WHERE delete_flag = 0 and account_name = ? 
 2023-05-17 00:57:23.131 [DEBUG] [-] c.a.m.S.findPreciselyUserList.java:137 : ==> Parameters: admin(String) 
 2023-05-17 00:57:23.133 [DEBUG] [-] c.a.m.S.findPreciselyUserList.java:137 : <==      Total: 1 
 2023-05-17 00:57:23.409 [DEBUG] [-] c.a.m.S.findPreciselyUserList.java:137 : ==>  Preparing: select user_id, account_name, user_name, phone, password, gender, lock_flag from sys_user WHERE delete_flag = 0 and account_name = ? 
 2023-05-17 00:57:23.410 [DEBUG] [-] c.a.m.S.findPreciselyUserList.java:137 : ==> Parameters: admin(String) 
 2023-05-17 00:57:23.411 [DEBUG] [-] c.a.m.S.findPreciselyUserList.java:137 : <==      Total: 1 
 2023-05-17 00:57:33.797 [DEBUG] [-] c.a.m.S.findPreciselyUserList.java:137 : ==>  Preparing: select user_id, account_name, user_name, phone, password, gender, lock_flag from sys_user WHERE delete_flag = 0 and account_name = ? 
 2023-05-17 00:57:33.798 [DEBUG] [-] c.a.m.S.findPreciselyUserList.java:137 : ==> Parameters: admin(String) 
 2023-05-17 00:57:33.800 [DEBUG] [-] c.a.m.S.findPreciselyUserList.java:137 : <==      Total: 1 
 2023-05-17 00:57:34.367 [DEBUG] [-] c.a.m.S.findPreciselyUserList.java:137 : ==>  Preparing: select user_id, account_name, user_name, phone, password, gender, lock_flag from sys_user WHERE delete_flag = 0 and account_name = ? 
 2023-05-17 00:57:34.367 [DEBUG] [-] c.a.m.S.findPreciselyUserList.java:137 : ==> Parameters: admin(String) 
 2023-05-17 00:57:34.369 [DEBUG] [-] c.a.m.S.findPreciselyUserList.java:137 : <==      Total: 1 
 2023-05-17 00:57:34.542 [DEBUG] [-] c.a.m.S.findPreciselyUserList.java:137 : ==>  Preparing: select user_id, account_name, user_name, phone, password, gender, lock_flag from sys_user WHERE delete_flag = 0 and account_name = ? 
 2023-05-17 00:57:34.543 [DEBUG] [-] c.a.m.S.findPreciselyUserList.java:137 : ==> Parameters: admin(String) 
 2023-05-17 00:57:34.544 [DEBUG] [-] c.a.m.S.findPreciselyUserList.java:137 : <==      Total: 1 
 2023-05-17 00:57:34.724 [DEBUG] [-] c.a.m.S.findPreciselyUserList.java:137 : ==>  Preparing: select user_id, account_name, user_name, phone, password, gender, lock_flag from sys_user WHERE delete_flag = 0 and account_name = ? 
 2023-05-17 00:57:34.725 [DEBUG] [-] c.a.m.S.findPreciselyUserList.java:137 : ==> Parameters: admin(String) 
 2023-05-17 00:57:34.727 [DEBUG] [-] c.a.m.S.findPreciselyUserList.java:137 : <==      Total: 1 
 2023-05-17 00:57:34.902 [DEBUG] [-] c.a.m.S.findPreciselyUserList.java:137 : ==>  Preparing: select user_id, account_name, user_name, phone, password, gender, lock_flag from sys_user WHERE delete_flag = 0 and account_name = ? 
 2023-05-17 00:57:34.904 [DEBUG] [-] c.a.m.S.findPreciselyUserList.java:137 : ==> Parameters: admin(String) 
 2023-05-17 00:57:34.904 [DEBUG] [-] c.a.m.S.findPreciselyUserList.java:137 : <==      Total: 1 
 2023-05-17 00:58:08.924 [DEBUG] [-] c.a.m.S.findPreciselyUserList.java:137 : ==>  Preparing: select user_id, account_name, user_name, phone, password, gender, lock_flag from sys_user WHERE delete_flag = 0 and account_name = ? 
 2023-05-17 00:58:08.925 [DEBUG] [-] c.a.m.S.findPreciselyUserList.java:137 : ==> Parameters: sjs(String) 
 2023-05-17 00:58:08.926 [DEBUG] [-] c.a.m.S.findPreciselyUserList.java:137 : <==      Total: 0 
 2023-05-17 00:58:09.570 [DEBUG] [-] c.a.m.S.findPreciselyUserList.java:137 : ==>  Preparing: select user_id, account_name, user_name, phone, password, gender, lock_flag from sys_user WHERE delete_flag = 0 and account_name = ? 
 2023-05-17 00:58:09.572 [DEBUG] [-] c.a.m.S.findPreciselyUserList.java:137 : ==> Parameters: sjs(String) 
 2023-05-17 00:58:09.573 [DEBUG] [-] c.a.m.S.findPreciselyUserList.java:137 : <==      Total: 0 
 2023-05-17 00:58:09.766 [DEBUG] [-] c.a.m.S.findPreciselyUserList.java:137 : ==>  Preparing: select user_id, account_name, user_name, phone, password, gender, lock_flag from sys_user WHERE delete_flag = 0 and account_name = ? 
 2023-05-17 00:58:09.767 [DEBUG] [-] c.a.m.S.findPreciselyUserList.java:137 : ==> Parameters: sjs(String) 
 2023-05-17 00:58:09.768 [DEBUG] [-] c.a.m.S.findPreciselyUserList.java:137 : <==      Total: 0 
 2023-05-17 00:58:16.824 [DEBUG] [-] c.a.m.S.findPreciselyUserList.java:137 : ==>  Preparing: select user_id, account_name, user_name, phone, password, gender, lock_flag from sys_user WHERE delete_flag = 0 and account_name = ? 
 2023-05-17 00:58:16.825 [DEBUG] [-] c.a.m.S.findPreciselyUserList.java:137 : ==> Parameters: sjs(String) 
 2023-05-17 00:58:16.826 [DEBUG] [-] c.a.m.S.findPreciselyUserList.java:137 : <==      Total: 0 
 2023-05-17 00:58:17.420 [DEBUG] [-] c.a.m.S.findPreciselyUserList.java:137 : ==>  Preparing: select user_id, account_name, user_name, phone, password, gender, lock_flag from sys_user WHERE delete_flag = 0 and account_name = ? 
 2023-05-17 00:58:17.421 [DEBUG] [-] c.a.m.S.findPreciselyUserList.java:137 : ==> Parameters: sjs(String) 
 2023-05-17 00:58:17.422 [DEBUG] [-] c.a.m.S.findPreciselyUserList.java:137 : <==      Total: 0 
 2023-05-17 00:58:17.895 [DEBUG] [-] c.a.m.S.findPreciselyUserList.java:137 : ==>  Preparing: select user_id, account_name, user_name, phone, password, gender, lock_flag from sys_user WHERE delete_flag = 0 and account_name = ? 
 2023-05-17 00:58:17.896 [DEBUG] [-] c.a.m.S.findPreciselyUserList.java:137 : ==> Parameters: sjs(String) 
 2023-05-17 00:58:17.897 [DEBUG] [-] c.a.m.S.findPreciselyUserList.java:137 : <==      Total: 0 
 2023-05-17 00:58:20.678 [DEBUG] [-] c.a.m.S.findPreciselyUserList.java:137 : ==>  Preparing: select user_id, account_name, user_name, phone, password, gender, lock_flag from sys_user WHERE delete_flag = 0 and account_name = ? 
 2023-05-17 00:58:20.680 [DEBUG] [-] c.a.m.S.findPreciselyUserList.java:137 : ==> Parameters: sjs(String) 
 2023-05-17 00:58:20.681 [DEBUG] [-] c.a.m.S.findPreciselyUserList.java:137 : <==      Total: 0 
 2023-05-17 00:58:21.065 [DEBUG] [-] c.a.m.S.findPreciselyUserList.java:137 : ==>  Preparing: select user_id, account_name, user_name, phone, password, gender, lock_flag from sys_user WHERE delete_flag = 0 and account_name = ? 
 2023-05-17 00:58:21.066 [DEBUG] [-] c.a.m.S.findPreciselyUserList.java:137 : ==> Parameters: sjs(String) 
 2023-05-17 00:58:21.067 [DEBUG] [-] c.a.m.S.findPreciselyUserList.java:137 : <==      Total: 0 
 2023-05-17 00:58:28.471 [DEBUG] [-] c.a.m.S.findPreciselyUserList.java:137 : ==>  Preparing: select user_id, account_name, user_name, phone, password, gender, lock_flag from sys_user WHERE delete_flag = 0 and account_name = ? 
 2023-05-17 00:58:28.471 [DEBUG] [-] c.a.m.S.findPreciselyUserList.java:137 : ==> Parameters: sjs(String) 
 2023-05-17 00:58:28.473 [DEBUG] [-] c.a.m.S.findPreciselyUserList.java:137 : <==      Total: 0 
 2023-05-17 00:58:29.170 [DEBUG] [-] c.a.m.S.findPreciselyUserList.java:137 : ==>  Preparing: select user_id, account_name, user_name, phone, password, gender, lock_flag from sys_user WHERE delete_flag = 0 and account_name = ? 
 2023-05-17 00:58:29.171 [DEBUG] [-] c.a.m.S.findPreciselyUserList.java:137 : ==> Parameters: sjs(String) 
 2023-05-17 00:58:29.172 [DEBUG] [-] c.a.m.S.findPreciselyUserList.java:137 : <==      Total: 0 
 2023-05-17 00:58:29.391 [DEBUG] [-] c.a.m.S.findPreciselyUserList.java:137 : ==>  Preparing: select user_id, account_name, user_name, phone, password, gender, lock_flag from sys_user WHERE delete_flag = 0 and account_name = ? 
 2023-05-17 00:58:29.392 [DEBUG] [-] c.a.m.S.findPreciselyUserList.java:137 : ==> Parameters: sjs(String) 
 2023-05-17 00:58:29.393 [DEBUG] [-] c.a.m.S.findPreciselyUserList.java:137 : <==      Total: 0 
 2023-05-17 00:58:29.662 [DEBUG] [-] c.a.m.S.findPreciselyUserList.java:137 : ==>  Preparing: select user_id, account_name, user_name, phone, password, gender, lock_flag from sys_user WHERE delete_flag = 0 and account_name = ? 
 2023-05-17 00:58:29.663 [DEBUG] [-] c.a.m.S.findPreciselyUserList.java:137 : ==> Parameters: sjs(String) 
 2023-05-17 00:58:29.665 [DEBUG] [-] c.a.m.S.findPreciselyUserList.java:137 : <==      Total: 0 
 2023-05-17 00:58:43.097 [DEBUG] [-] c.a.m.S.findPreciselyUserList.java:137 : ==>  Preparing: select user_id, account_name, user_name, phone, password, gender, lock_flag from sys_user WHERE delete_flag = 0 and account_name = ? 
 2023-05-17 00:58:43.098 [DEBUG] [-] c.a.m.S.findPreciselyUserList.java:137 : ==> Parameters: admin(String) 
 2023-05-17 00:58:43.099 [DEBUG] [-] c.a.m.S.findPreciselyUserList.java:137 : <==      Total: 1 
 2023-05-17 00:58:43.702 [DEBUG] [-] c.a.m.S.findPreciselyUserList.java:137 : ==>  Preparing: select user_id, account_name, user_name, phone, password, gender, lock_flag from sys_user WHERE delete_flag = 0 and account_name = ? 
 2023-05-17 00:58:43.703 [DEBUG] [-] c.a.m.S.findPreciselyUserList.java:137 : ==> Parameters: admin(String) 
 2023-05-17 00:58:43.705 [DEBUG] [-] c.a.m.S.findPreciselyUserList.java:137 : <==      Total: 1 
 2023-05-17 00:58:43.940 [DEBUG] [-] c.a.m.S.findPreciselyUserList.java:137 : ==>  Preparing: select user_id, account_name, user_name, phone, password, gender, lock_flag from sys_user WHERE delete_flag = 0 and account_name = ? 
 2023-05-17 00:58:43.941 [DEBUG] [-] c.a.m.S.findPreciselyUserList.java:137 : ==> Parameters: admin(String) 
 2023-05-17 00:58:43.943 [DEBUG] [-] c.a.m.S.findPreciselyUserList.java:137 : <==      Total: 1 
 2023-05-17 00:58:44.165 [DEBUG] [-] c.a.m.S.findPreciselyUserList.java:137 : ==>  Preparing: select user_id, account_name, user_name, phone, password, gender, lock_flag from sys_user WHERE delete_flag = 0 and account_name = ? 
 2023-05-17 00:58:44.166 [DEBUG] [-] c.a.m.S.findPreciselyUserList.java:137 : ==> Parameters: admin(String) 
 2023-05-17 00:58:44.168 [DEBUG] [-] c.a.m.S.findPreciselyUserList.java:137 : <==      Total: 1 
 2023-05-17 00:58:51.859 [DEBUG] [-] c.a.m.S.findPreciselyUserList.java:137 : ==>  Preparing: select user_id, account_name, user_name, phone, password, gender, lock_flag from sys_user WHERE delete_flag = 0 and account_name = ? 
 2023-05-17 00:58:51.860 [DEBUG] [-] c.a.m.S.findPreciselyUserList.java:137 : ==> Parameters: admin(String) 
 2023-05-17 00:58:51.862 [DEBUG] [-] c.a.m.S.findPreciselyUserList.java:137 : <==      Total: 1 
 2023-05-17 00:58:52.512 [DEBUG] [-] c.a.m.S.findPreciselyUserList.java:137 : ==>  Preparing: select user_id, account_name, user_name, phone, password, gender, lock_flag from sys_user WHERE delete_flag = 0 and account_name = ? 
 2023-05-17 00:58:52.513 [DEBUG] [-] c.a.m.S.findPreciselyUserList.java:137 : ==> Parameters: admin(String) 
 2023-05-17 00:58:52.514 [DEBUG] [-] c.a.m.S.findPreciselyUserList.java:137 : <==      Total: 1 
 2023-05-17 00:58:52.752 [DEBUG] [-] c.a.m.S.findPreciselyUserList.java:137 : ==>  Preparing: select user_id, account_name, user_name, phone, password, gender, lock_flag from sys_user WHERE delete_flag = 0 and account_name = ? 
 2023-05-17 00:58:52.752 [DEBUG] [-] c.a.m.S.findPreciselyUserList.java:137 : ==> Parameters: admin(String) 
 2023-05-17 00:58:52.753 [DEBUG] [-] c.a.m.S.findPreciselyUserList.java:137 : <==      Total: 1 
 2023-05-17 00:58:52.968 [DEBUG] [-] c.a.m.S.findPreciselyUserList.java:137 : ==>  Preparing: select user_id, account_name, user_name, phone, password, gender, lock_flag from sys_user WHERE delete_flag = 0 and account_name = ? 
 2023-05-17 00:58:52.970 [DEBUG] [-] c.a.m.S.findPreciselyUserList.java:137 : ==> Parameters: admin(String) 
 2023-05-17 00:58:52.971 [DEBUG] [-] c.a.m.S.findPreciselyUserList.java:137 : <==      Total: 1 
 2023-05-17 00:58:59.594 [DEBUG] [-] c.a.m.S.findPreciselyUserList.java:137 : ==>  Preparing: select user_id, account_name, user_name, phone, password, gender, lock_flag from sys_user WHERE delete_flag = 0 and account_name = ? 
 2023-05-17 00:58:59.595 [DEBUG] [-] c.a.m.S.findPreciselyUserList.java:137 : ==> Parameters: admin(String) 
 2023-05-17 00:58:59.597 [DEBUG] [-] c.a.m.S.findPreciselyUserList.java:137 : <==      Total: 1 
 2023-05-17 00:59:00.191 [DEBUG] [-] c.a.m.S.findPreciselyUserList.java:137 : ==>  Preparing: select user_id, account_name, user_name, phone, password, gender, lock_flag from sys_user WHERE delete_flag = 0 and account_name = ? 
 2023-05-17 00:59:00.192 [DEBUG] [-] c.a.m.S.findPreciselyUserList.java:137 : ==> Parameters: admin(String) 
 2023-05-17 00:59:00.194 [DEBUG] [-] c.a.m.S.findPreciselyUserList.java:137 : <==      Total: 1 
 2023-05-17 00:59:00.408 [DEBUG] [-] c.a.m.S.findPreciselyUserList.java:137 : ==>  Preparing: select user_id, account_name, user_name, phone, password, gender, lock_flag from sys_user WHERE delete_flag = 0 and account_name = ? 
 2023-05-17 00:59:00.409 [DEBUG] [-] c.a.m.S.findPreciselyUserList.java:137 : ==> Parameters: admin(String) 
 2023-05-17 00:59:00.410 [DEBUG] [-] c.a.m.S.findPreciselyUserList.java:137 : <==      Total: 1 
 2023-05-17 01:02:14.040 [DEBUG] [-] c.a.m.S.findPreciselyUserList.java:137 : ==>  Preparing: select user_id, account_name, user_name, phone, password, gender, lock_flag from sys_user WHERE delete_flag = 0 and account_name = ? 
 2023-05-17 01:02:14.072 [DEBUG] [-] c.a.m.S.findPreciselyUserList.java:137 : ==> Parameters: admin(String) 
 2023-05-17 01:02:14.100 [DEBUG] [-] c.a.m.S.findPreciselyUserList.java:137 : <==      Total: 1 
 2023-05-17 01:02:14.322 [DEBUG] [-] c.a.m.S.findPreciselyUserList.java:137 : ==>  Preparing: select user_id, account_name, user_name, phone, password, gender, lock_flag from sys_user WHERE delete_flag = 0 and account_name = ? 
 2023-05-17 01:02:14.323 [DEBUG] [-] c.a.m.S.findPreciselyUserList.java:137 : ==> Parameters: admin(String) 
 2023-05-17 01:02:14.325 [DEBUG] [-] c.a.m.S.findPreciselyUserList.java:137 : <==      Total: 1 
 2023-05-17 01:02:14.902 [DEBUG] [-] c.a.m.S.findPreciselyUserList.java:137 : ==>  Preparing: select user_id, account_name, user_name, phone, password, gender, lock_flag from sys_user WHERE delete_flag = 0 and account_name = ? 
 2023-05-17 01:02:14.903 [DEBUG] [-] c.a.m.S.findPreciselyUserList.java:137 : ==> Parameters: admin(String) 
 2023-05-17 01:02:14.906 [DEBUG] [-] c.a.m.S.findPreciselyUserList.java:137 : <==      Total: 1 
 2023-05-17 01:02:15.078 [DEBUG] [-] c.a.m.S.findPreciselyUserList.java:137 : ==>  Preparing: select user_id, account_name, user_name, phone, password, gender, lock_flag from sys_user WHERE delete_flag = 0 and account_name = ? 
 2023-05-17 01:02:15.079 [DEBUG] [-] c.a.m.S.findPreciselyUserList.java:137 : ==> Parameters: admin(String) 
 2023-05-17 01:02:15.081 [DEBUG] [-] c.a.m.S.findPreciselyUserList.java:137 : <==      Total: 1 
 2023-05-17 01:02:36.890 [DEBUG] [-] c.a.m.S.findPreciselyUserList.java:137 : ==>  Preparing: select user_id, account_name, user_name, phone, password, gender, lock_flag from sys_user WHERE delete_flag = 0 and account_name = ? 
 2023-05-17 01:02:36.890 [DEBUG] [-] c.a.m.S.findPreciselyUserList.java:137 : ==> Parameters: 超级管理员(String) 
 2023-05-17 01:02:36.892 [DEBUG] [-] c.a.m.S.findPreciselyUserList.java:137 : <==      Total: 0 
 2023-05-17 01:02:37.453 [DEBUG] [-] c.a.m.S.findPreciselyUserList.java:137 : ==>  Preparing: select user_id, account_name, user_name, phone, password, gender, lock_flag from sys_user WHERE delete_flag = 0 and account_name = ? 
 2023-05-17 01:02:37.454 [DEBUG] [-] c.a.m.S.findPreciselyUserList.java:137 : ==> Parameters: 超级管理员(String) 
 2023-05-17 01:02:37.456 [DEBUG] [-] c.a.m.S.findPreciselyUserList.java:137 : <==      Total: 0 
 2023-05-17 01:02:37.629 [DEBUG] [-] c.a.m.S.findPreciselyUserList.java:137 : ==>  Preparing: select user_id, account_name, user_name, phone, password, gender, lock_flag from sys_user WHERE delete_flag = 0 and account_name = ? 
 2023-05-17 01:02:37.629 [DEBUG] [-] c.a.m.S.findPreciselyUserList.java:137 : ==> Parameters: 超级管理员(String) 
 2023-05-17 01:02:37.630 [DEBUG] [-] c.a.m.S.findPreciselyUserList.java:137 : <==      Total: 0 
 2023-05-17 01:02:37.808 [DEBUG] [-] c.a.m.S.findPreciselyUserList.java:137 : ==>  Preparing: select user_id, account_name, user_name, phone, password, gender, lock_flag from sys_user WHERE delete_flag = 0 and account_name = ? 
 2023-05-17 01:02:37.810 [DEBUG] [-] c.a.m.S.findPreciselyUserList.java:137 : ==> Parameters: 超级管理员(String) 
 2023-05-17 01:02:37.811 [DEBUG] [-] c.a.m.S.findPreciselyUserList.java:137 : <==      Total: 0 
 2023-05-17 01:02:51.518 [DEBUG] [-] c.a.m.S.findPreciselyUserList.java:137 : ==>  Preparing: select user_id, account_name, user_name, phone, password, gender, lock_flag from sys_user WHERE delete_flag = 0 and account_name = ? 
 2023-05-17 01:02:51.520 [DEBUG] [-] c.a.m.S.findPreciselyUserList.java:137 : ==> Parameters: admin(String) 
 2023-05-17 01:02:51.521 [DEBUG] [-] c.a.m.S.findPreciselyUserList.java:137 : <==      Total: 1 
 2023-05-17 01:02:52.129 [DEBUG] [-] c.a.m.S.findPreciselyUserList.java:137 : ==>  Preparing: select user_id, account_name, user_name, phone, password, gender, lock_flag from sys_user WHERE delete_flag = 0 and account_name = ? 
 2023-05-17 01:02:52.130 [DEBUG] [-] c.a.m.S.findPreciselyUserList.java:137 : ==> Parameters: admin(String) 
 2023-05-17 01:02:52.131 [DEBUG] [-] c.a.m.S.findPreciselyUserList.java:137 : <==      Total: 1 
 2023-05-17 01:02:52.318 [DEBUG] [-] c.a.m.S.findPreciselyUserList.java:137 : ==>  Preparing: select user_id, account_name, user_name, phone, password, gender, lock_flag from sys_user WHERE delete_flag = 0 and account_name = ? 
 2023-05-17 01:02:52.319 [DEBUG] [-] c.a.m.S.findPreciselyUserList.java:137 : ==> Parameters: admin(String) 
 2023-05-17 01:02:52.320 [DEBUG] [-] c.a.m.S.findPreciselyUserList.java:137 : <==      Total: 1 
 2023-05-17 01:02:52.492 [DEBUG] [-] c.a.m.S.findPreciselyUserList.java:137 : ==>  Preparing: select user_id, account_name, user_name, phone, password, gender, lock_flag from sys_user WHERE delete_flag = 0 and account_name = ? 
 2023-05-17 01:02:52.493 [DEBUG] [-] c.a.m.S.findPreciselyUserList.java:137 : ==> Parameters: admin(String) 
 2023-05-17 01:02:52.494 [DEBUG] [-] c.a.m.S.findPreciselyUserList.java:137 : <==      Total: 1 
 2023-05-17 01:02:52.679 [DEBUG] [-] c.a.m.S.findPreciselyUserList.java:137 : ==>  Preparing: select user_id, account_name, user_name, phone, password, gender, lock_flag from sys_user WHERE delete_flag = 0 and account_name = ? 
 2023-05-17 01:02:52.679 [DEBUG] [-] c.a.m.S.findPreciselyUserList.java:137 : ==> Parameters: admin(String) 
 2023-05-17 01:02:52.681 [DEBUG] [-] c.a.m.S.findPreciselyUserList.java:137 : <==      Total: 1 
 2023-05-17 01:02:52.865 [DEBUG] [-] c.a.m.S.findPreciselyUserList.java:137 : ==>  Preparing: select user_id, account_name, user_name, phone, password, gender, lock_flag from sys_user WHERE delete_flag = 0 and account_name = ? 
 2023-05-17 01:02:52.866 [DEBUG] [-] c.a.m.S.findPreciselyUserList.java:137 : ==> Parameters: admin(String) 
 2023-05-17 01:02:52.867 [DEBUG] [-] c.a.m.S.findPreciselyUserList.java:137 : <==      Total: 1 
 2023-05-17 08:32:15.254 [DEBUG] [-] c.a.m.S.findPreciselyUserList.java:137 : ==>  Preparing: select user_id, account_name, user_name, phone, password, gender, lock_flag from sys_user WHERE delete_flag = 0 and account_name = ? 
 2023-05-17 08:32:15.266 [DEBUG] [-] c.a.m.S.findPreciselyUserList.java:137 : ==> Parameters: admin(String) 
 2023-05-17 08:32:15.282 [DEBUG] [-] c.a.m.S.findPreciselyUserList.java:137 : <==      Total: 1 
 2023-05-17 08:32:15.496 [DEBUG] [-] c.a.m.S.findPreciselyUserList.java:137 : ==>  Preparing: select user_id, account_name, user_name, phone, password, gender, lock_flag from sys_user WHERE delete_flag = 0 and account_name = ? 
 2023-05-17 08:32:15.497 [DEBUG] [-] c.a.m.S.findPreciselyUserList.java:137 : ==> Parameters: admin(String) 
 2023-05-17 08:32:15.498 [DEBUG] [-] c.a.m.S.findPreciselyUserList.java:137 : <==      Total: 1 
 2023-05-17 08:32:15.674 [DEBUG] [-] c.a.m.S.findPreciselyUserList.java:137 : ==>  Preparing: select user_id, account_name, user_name, phone, password, gender, lock_flag from sys_user WHERE delete_flag = 0 and account_name = ? 
 2023-05-17 08:32:15.674 [DEBUG] [-] c.a.m.S.findPreciselyUserList.java:137 : ==> Parameters: admin(String) 
 2023-05-17 08:32:15.676 [DEBUG] [-] c.a.m.S.findPreciselyUserList.java:137 : <==      Total: 1 
 2023-05-17 08:32:16.291 [DEBUG] [-] c.a.m.S.findPreciselyUserList.java:137 : ==>  Preparing: select user_id, account_name, user_name, phone, password, gender, lock_flag from sys_user WHERE delete_flag = 0 and account_name = ? 
 2023-05-17 08:32:16.292 [DEBUG] [-] c.a.m.S.findPreciselyUserList.java:137 : ==> Parameters: admin(String) 
 2023-05-17 08:32:16.293 [DEBUG] [-] c.a.m.S.findPreciselyUserList.java:137 : <==      Total: 1 
 2023-05-17 08:32:16.631 [DEBUG] [-] c.a.m.S.findPreciselyUserList.java:137 : ==>  Preparing: select user_id, account_name, user_name, phone, password, gender, lock_flag from sys_user WHERE delete_flag = 0 and account_name = ? 
 2023-05-17 08:32:16.631 [DEBUG] [-] c.a.m.S.findPreciselyUserList.java:137 : ==> Parameters: admin(String) 
 2023-05-17 08:32:16.632 [DEBUG] [-] c.a.m.S.findPreciselyUserList.java:137 : <==      Total: 1 
 2023-05-17 08:32:16.843 [DEBUG] [-] c.a.m.S.findPreciselyUserList.java:137 : ==>  Preparing: select user_id, account_name, user_name, phone, password, gender, lock_flag from sys_user WHERE delete_flag = 0 and account_name = ? 
 2023-05-17 08:32:16.843 [DEBUG] [-] c.a.m.S.findPreciselyUserList.java:137 : ==> Parameters: admin(String) 
 2023-05-17 08:32:16.844 [DEBUG] [-] c.a.m.S.findPreciselyUserList.java:137 : <==      Total: 1 
 2023-05-17 08:32:19.560 [DEBUG] [-] c.a.m.S.findPreciselyUserList.java:137 : ==>  Preparing: select user_id, account_name, user_name, phone, password, gender, lock_flag from sys_user WHERE delete_flag = 0 and account_name = ? 
 2023-05-17 08:32:19.561 [DEBUG] [-] c.a.m.S.findPreciselyUserList.java:137 : ==> Parameters: admin(String) 
 2023-05-17 08:32:19.562 [DEBUG] [-] c.a.m.S.findPreciselyUserList.java:137 : <==      Total: 1 
 2023-05-17 08:32:19.743 [DEBUG] [-] c.a.m.S.findPreciselyUserList.java:137 : ==>  Preparing: select user_id, account_name, user_name, phone, password, gender, lock_flag from sys_user WHERE delete_flag = 0 and account_name = ? 
 2023-05-17 08:32:19.745 [DEBUG] [-] c.a.m.S.findPreciselyUserList.java:137 : ==> Parameters: admin(String) 
 2023-05-17 08:32:19.746 [DEBUG] [-] c.a.m.S.findPreciselyUserList.java:137 : <==      Total: 1 
 2023-05-17 08:32:19.936 [DEBUG] [-] c.a.m.S.findPreciselyUserList.java:137 : ==>  Preparing: select user_id, account_name, user_name, phone, password, gender, lock_flag from sys_user WHERE delete_flag = 0 and account_name = ? 
 2023-05-17 08:32:19.937 [DEBUG] [-] c.a.m.S.findPreciselyUserList.java:137 : ==> Parameters: admin(String) 
 2023-05-17 08:32:19.938 [DEBUG] [-] c.a.m.S.findPreciselyUserList.java:137 : <==      Total: 1 
 2023-05-17 11:19:04.518 [DEBUG] [-] c.a.m.S.findPreciselyUserList.java:137 : ==>  Preparing: select user_id, account_name, user_name, phone, password, gender, lock_flag from sys_user WHERE delete_flag = 0 and account_name = ? 
 2023-05-17 11:19:04.518 [DEBUG] [-] c.a.m.S.findPreciselyUserList.java:137 : ==>  Preparing: select user_id, account_name, user_name, phone, password, gender, lock_flag from sys_user WHERE delete_flag = 0 and account_name = ? 
 2023-05-17 11:19:04.518 [DEBUG] [-] c.a.m.S.findPreciselyUserList.java:137 : ==>  Preparing: select user_id, account_name, user_name, phone, password, gender, lock_flag from sys_user WHERE delete_flag = 0 and account_name = ? 
 2023-05-17 11:19:04.534 [DEBUG] [-] c.a.m.S.findPreciselyUserList.java:137 : ==> Parameters: admin(String) 
 2023-05-17 11:19:04.534 [DEBUG] [-] c.a.m.S.findPreciselyUserList.java:137 : ==> Parameters: admin(String) 
 2023-05-17 11:19:04.534 [DEBUG] [-] c.a.m.S.findPreciselyUserList.java:137 : ==> Parameters: admin(String) 
 2023-05-17 11:19:04.548 [DEBUG] [-] c.a.m.S.findPreciselyUserList.java:137 : <==      Total: 1 
 2023-05-17 11:19:04.548 [DEBUG] [-] c.a.m.S.findPreciselyUserList.java:137 : <==      Total: 1 
 2023-05-17 11:19:04.548 [DEBUG] [-] c.a.m.S.findPreciselyUserList.java:137 : <==      Total: 1 
 2023-05-17 11:19:04.680 [DEBUG] [-] c.a.m.S.findPreciselyUserList.java:137 : ==>  Preparing: select user_id, account_name, user_name, phone, password, gender, lock_flag from sys_user WHERE delete_flag = 0 and account_name = ? 
 2023-05-17 11:19:04.681 [DEBUG] [-] c.a.m.S.findPreciselyUserList.java:137 : ==> Parameters: admin(String) 
 2023-05-17 11:19:04.682 [DEBUG] [-] c.a.m.S.findPreciselyUserList.java:137 : <==      Total: 1 
 2023-05-17 11:19:04.846 [DEBUG] [-] c.a.m.S.findPreciselyUserList.java:137 : ==>  Preparing: select user_id, account_name, user_name, phone, password, gender, lock_flag from sys_user WHERE delete_flag = 0 and account_name = ? 
 2023-05-17 11:19:04.847 [DEBUG] [-] c.a.m.S.findPreciselyUserList.java:137 : ==> Parameters: admin(String) 
 2023-05-17 11:19:04.848 [DEBUG] [-] c.a.m.S.findPreciselyUserList.java:137 : <==      Total: 1 
 2023-05-17 11:19:05.035 [DEBUG] [-] c.a.m.S.findPreciselyUserList.java:137 : ==>  Preparing: select user_id, account_name, user_name, phone, password, gender, lock_flag from sys_user WHERE delete_flag = 0 and account_name = ? 
 2023-05-17 11:19:05.035 [DEBUG] [-] c.a.m.S.findPreciselyUserList.java:137 : ==> Parameters: admin(String) 
 2023-05-17 11:19:05.037 [DEBUG] [-] c.a.m.S.findPreciselyUserList.java:137 : <==      Total: 1 
 2023-05-17 11:19:05.228 [DEBUG] [-] c.a.m.S.findPreciselyUserList.java:137 : ==>  Preparing: select user_id, account_name, user_name, phone, password, gender, lock_flag from sys_user WHERE delete_flag = 0 and account_name = ? 
 2023-05-17 11:19:05.228 [DEBUG] [-] c.a.m.S.findPreciselyUserList.java:137 : ==> Parameters: admin(String) 
 2023-05-17 11:19:05.229 [DEBUG] [-] c.a.m.S.findPreciselyUserList.java:137 : <==      Total: 1 
 2023-05-17 11:19:05.399 [DEBUG] [-] c.a.m.S.findPreciselyUserList.java:137 : ==>  Preparing: select user_id, account_name, user_name, phone, password, gender, lock_flag from sys_user WHERE delete_flag = 0 and account_name = ? 
 2023-05-17 11:19:05.400 [DEBUG] [-] c.a.m.S.findPreciselyUserList.java:137 : ==> Parameters: admin(String) 
 2023-05-17 11:19:05.401 [DEBUG] [-] c.a.m.S.findPreciselyUserList.java:137 : <==      Total: 1 
 2023-05-17 11:19:05.557 [DEBUG] [-] c.a.m.S.findPreciselyUserList.java:137 : ==>  Preparing: select user_id, account_name, user_name, phone, password, gender, lock_flag from sys_user WHERE delete_flag = 0 and account_name = ? 
 2023-05-17 11:19:05.558 [DEBUG] [-] c.a.m.S.findPreciselyUserList.java:137 : ==> Parameters: admin(String) 
 2023-05-17 11:19:05.560 [DEBUG] [-] c.a.m.S.findPreciselyUserList.java:137 : <==      Total: 1 
 2023-05-17 11:19:05.712 [DEBUG] [-] c.a.m.S.findPreciselyUserList.java:137 : ==>  Preparing: select user_id, account_name, user_name, phone, password, gender, lock_flag from sys_user WHERE delete_flag = 0 and account_name = ? 
 2023-05-17 11:19:05.712 [DEBUG] [-] c.a.m.S.findPreciselyUserList.java:137 : ==> Parameters: admin(String) 
 2023-05-17 11:19:05.713 [DEBUG] [-] c.a.m.S.findPreciselyUserList.java:137 : <==      Total: 1 
 2023-05-17 11:19:05.863 [DEBUG] [-] c.a.m.S.findPreciselyUserList.java:137 : ==>  Preparing: select user_id, account_name, user_name, phone, password, gender, lock_flag from sys_user WHERE delete_flag = 0 and account_name = ? 
 2023-05-17 11:19:05.864 [DEBUG] [-] c.a.m.S.findPreciselyUserList.java:137 : ==> Parameters: admin(String) 
 2023-05-17 11:19:05.864 [DEBUG] [-] c.a.m.S.findPreciselyUserList.java:137 : <==      Total: 1 
 2023-05-17 11:19:06.014 [DEBUG] [-] c.a.m.S.findPreciselyUserList.java:137 : ==>  Preparing: select user_id, account_name, user_name, phone, password, gender, lock_flag from sys_user WHERE delete_flag = 0 and account_name = ? 
 2023-05-17 11:19:06.015 [DEBUG] [-] c.a.m.S.findPreciselyUserList.java:137 : ==> Parameters: admin(String) 
 2023-05-17 11:19:06.016 [DEBUG] [-] c.a.m.S.findPreciselyUserList.java:137 : <==      Total: 1 
 2023-05-17 11:19:06.190 [DEBUG] [-] c.a.m.S.findPreciselyUserList.java:137 : ==>  Preparing: select user_id, account_name, user_name, phone, password, gender, lock_flag from sys_user WHERE delete_flag = 0 and account_name = ? 
 2023-05-17 11:19:06.191 [DEBUG] [-] c.a.m.S.findPreciselyUserList.java:137 : ==> Parameters: admin(String) 
 2023-05-17 11:19:06.193 [DEBUG] [-] c.a.m.S.findPreciselyUserList.java:137 : <==      Total: 1 
 2023-05-17 11:20:23.325 [DEBUG] [-] c.a.m.S.findPreciselyUserList.java:137 : ==>  Preparing: select user_id, account_name, user_name, phone, password, gender, lock_flag from sys_user WHERE delete_flag = 0 and account_name = ? 
 2023-05-17 11:20:23.325 [DEBUG] [-] c.a.m.S.findPreciselyUserList.java:137 : ==>  Preparing: select user_id, account_name, user_name, phone, password, gender, lock_flag from sys_user WHERE delete_flag = 0 and account_name = ? 
 2023-05-17 11:20:23.326 [DEBUG] [-] c.a.m.S.findPreciselyUserList.java:137 : ==>  Preparing: select user_id, account_name, user_name, phone, password, gender, lock_flag from sys_user WHERE delete_flag = 0 and account_name = ? 
 2023-05-17 11:20:23.343 [DEBUG] [-] c.a.m.S.findPreciselyUserList.java:137 : ==> Parameters: admin(String) 
 2023-05-17 11:20:23.343 [DEBUG] [-] c.a.m.S.findPreciselyUserList.java:137 : ==> Parameters: admin(String) 
 2023-05-17 11:20:23.343 [DEBUG] [-] c.a.m.S.findPreciselyUserList.java:137 : ==> Parameters: admin(String) 
 2023-05-17 11:20:23.357 [DEBUG] [-] c.a.m.S.findPreciselyUserList.java:137 : <==      Total: 1 
 2023-05-17 11:20:23.357 [DEBUG] [-] c.a.m.S.findPreciselyUserList.java:137 : <==      Total: 1 
 2023-05-17 11:20:23.357 [DEBUG] [-] c.a.m.S.findPreciselyUserList.java:137 : <==      Total: 1 
 2023-05-17 11:20:23.449 [DEBUG] [-] c.a.m.S.findPreciselyUserList.java:137 : ==>  Preparing: select user_id, account_name, user_name, phone, password, gender, lock_flag from sys_user WHERE delete_flag = 0 and account_name = ? 
 2023-05-17 11:20:23.450 [DEBUG] [-] c.a.m.S.findPreciselyUserList.java:137 : ==> Parameters: admin(String) 
 2023-05-17 11:20:23.451 [DEBUG] [-] c.a.m.S.findPreciselyUserList.java:137 : <==      Total: 1 
 2023-05-17 11:20:23.618 [DEBUG] [-] c.a.m.S.findPreciselyUserList.java:137 : ==>  Preparing: select user_id, account_name, user_name, phone, password, gender, lock_flag from sys_user WHERE delete_flag = 0 and account_name = ? 
 2023-05-17 11:20:23.618 [DEBUG] [-] c.a.m.S.findPreciselyUserList.java:137 : ==> Parameters: admin(String) 
 2023-05-17 11:20:23.619 [DEBUG] [-] c.a.m.S.findPreciselyUserList.java:137 : <==      Total: 1 
 2023-05-17 11:20:23.793 [DEBUG] [-] c.a.m.S.findPreciselyUserList.java:137 : ==>  Preparing: select user_id, account_name, user_name, phone, password, gender, lock_flag from sys_user WHERE delete_flag = 0 and account_name = ? 
 2023-05-17 11:20:23.793 [DEBUG] [-] c.a.m.S.findPreciselyUserList.java:137 : ==> Parameters: admin(String) 
 2023-05-17 11:20:23.794 [DEBUG] [-] c.a.m.S.findPreciselyUserList.java:137 : <==      Total: 1 
 2023-05-17 11:20:54.368 [DEBUG] [-] c.a.m.S.findPreciselyUserList.java:137 : ==>  Preparing: select user_id, account_name, user_name, phone, password, gender, lock_flag from sys_user WHERE delete_flag = 0 and account_name = ? 
 2023-05-17 11:20:54.369 [DEBUG] [-] c.a.m.S.findPreciselyUserList.java:137 : ==> Parameters: admin(String) 
 2023-05-17 11:20:54.369 [DEBUG] [-] c.a.m.S.findPreciselyUserList.java:137 : <==      Total: 1 
 2023-05-17 11:20:54.972 [DEBUG] [-] c.a.m.S.findPreciselyUserList.java:137 : ==>  Preparing: select user_id, account_name, user_name, phone, password, gender, lock_flag from sys_user WHERE delete_flag = 0 and account_name = ? 
 2023-05-17 11:20:54.973 [DEBUG] [-] c.a.m.S.findPreciselyUserList.java:137 : ==> Parameters: admin(String) 
 2023-05-17 11:20:54.974 [DEBUG] [-] c.a.m.S.findPreciselyUserList.java:137 : <==      Total: 1 
 2023-05-17 11:20:55.148 [DEBUG] [-] c.a.m.S.findPreciselyUserList.java:137 : ==>  Preparing: select user_id, account_name, user_name, phone, password, gender, lock_flag from sys_user WHERE delete_flag = 0 and account_name = ? 
 2023-05-17 11:20:55.148 [DEBUG] [-] c.a.m.S.findPreciselyUserList.java:137 : ==> Parameters: admin(String) 
 2023-05-17 11:20:55.149 [DEBUG] [-] c.a.m.S.findPreciselyUserList.java:137 : <==      Total: 1 
 2023-05-17 11:20:55.318 [DEBUG] [-] c.a.m.S.findPreciselyUserList.java:137 : ==>  Preparing: select user_id, account_name, user_name, phone, password, gender, lock_flag from sys_user WHERE delete_flag = 0 and account_name = ? 
 2023-05-17 11:20:55.318 [DEBUG] [-] c.a.m.S.findPreciselyUserList.java:137 : ==> Parameters: admin(String) 
 2023-05-17 11:20:55.319 [DEBUG] [-] c.a.m.S.findPreciselyUserList.java:137 : <==      Total: 1 
 2023-05-17 11:20:55.497 [DEBUG] [-] c.a.m.S.findPreciselyUserList.java:137 : ==>  Preparing: select user_id, account_name, user_name, phone, password, gender, lock_flag from sys_user WHERE delete_flag = 0 and account_name = ? 
 2023-05-17 11:20:55.497 [DEBUG] [-] c.a.m.S.findPreciselyUserList.java:137 : ==> Parameters: admin(String) 
 2023-05-17 11:20:55.498 [DEBUG] [-] c.a.m.S.findPreciselyUserList.java:137 : <==      Total: 1 
 2023-05-17 11:21:12.752 [DEBUG] [-] c.a.m.S.findPreciselyUserList.java:137 : ==>  Preparing: select user_id, account_name, user_name, phone, password, gender, lock_flag from sys_user WHERE delete_flag = 0 and account_name = ? 
 2023-05-17 11:21:12.753 [DEBUG] [-] c.a.m.S.findPreciselyUserList.java:137 : ==> Parameters: 1(String) 
 2023-05-17 11:21:12.755 [DEBUG] [-] c.a.m.S.findPreciselyUserList.java:137 : <==      Total: 0 
 2023-05-17 11:21:13.454 [DEBUG] [-] c.a.m.S.findPreciselyUserList.java:137 : ==>  Preparing: select user_id, account_name, user_name, phone, password, gender, lock_flag from sys_user WHERE delete_flag = 0 and account_name = ? 
 2023-05-17 11:21:13.454 [DEBUG] [-] c.a.m.S.findPreciselyUserList.java:137 : ==> Parameters: 1(String) 
 2023-05-17 11:21:13.455 [DEBUG] [-] c.a.m.S.findPreciselyUserList.java:137 : <==      Total: 0 
 2023-05-17 11:21:13.640 [DEBUG] [-] c.a.m.S.findPreciselyUserList.java:137 : ==>  Preparing: select user_id, account_name, user_name, phone, password, gender, lock_flag from sys_user WHERE delete_flag = 0 and account_name = ? 
 2023-05-17 11:21:13.641 [DEBUG] [-] c.a.m.S.findPreciselyUserList.java:137 : ==> Parameters: 1(String) 
 2023-05-17 11:21:13.641 [DEBUG] [-] c.a.m.S.findPreciselyUserList.java:137 : <==      Total: 0 
 2023-05-17 11:21:13.819 [DEBUG] [-] c.a.m.S.findPreciselyUserList.java:137 : ==>  Preparing: select user_id, account_name, user_name, phone, password, gender, lock_flag from sys_user WHERE delete_flag = 0 and account_name = ? 
 2023-05-17 11:21:13.819 [DEBUG] [-] c.a.m.S.findPreciselyUserList.java:137 : ==> Parameters: 1(String) 
 2023-05-17 11:21:13.821 [DEBUG] [-] c.a.m.S.findPreciselyUserList.java:137 : <==      Total: 0 
 2023-05-17 11:21:14.012 [DEBUG] [-] c.a.m.S.findPreciselyUserList.java:137 : ==>  Preparing: select user_id, account_name, user_name, phone, password, gender, lock_flag from sys_user WHERE delete_flag = 0 and account_name = ? 
 2023-05-17 11:21:14.013 [DEBUG] [-] c.a.m.S.findPreciselyUserList.java:137 : ==> Parameters: 1(String) 
 2023-05-17 11:21:14.013 [DEBUG] [-] c.a.m.S.findPreciselyUserList.java:137 : <==      Total: 0 
 2023-05-17 11:21:20.940 [DEBUG] [-] c.a.m.S.findPreciselyUserList.java:137 : ==>  Preparing: select user_id, account_name, user_name, phone, password, gender, lock_flag from sys_user WHERE delete_flag = 0 and account_name = ? 
 2023-05-17 11:21:20.940 [DEBUG] [-] c.a.m.S.findPreciselyUserList.java:137 : ==> Parameters: admin(String) 
 2023-05-17 11:21:20.941 [DEBUG] [-] c.a.m.S.findPreciselyUserList.java:137 : <==      Total: 1 
 2023-05-17 11:21:21.125 [DEBUG] [-] c.a.m.S.findPreciselyUserList.java:137 : ==>  Preparing: select user_id, account_name, user_name, phone, password, gender, lock_flag from sys_user WHERE delete_flag = 0 and account_name = ? 
 2023-05-17 11:21:21.125 [DEBUG] [-] c.a.m.S.findPreciselyUserList.java:137 : ==> Parameters: admin(String) 
 2023-05-17 11:21:21.126 [DEBUG] [-] c.a.m.S.findPreciselyUserList.java:137 : <==      Total: 1 
 2023-05-17 11:21:21.302 [DEBUG] [-] c.a.m.S.findPreciselyUserList.java:137 : ==>  Preparing: select user_id, account_name, user_name, phone, password, gender, lock_flag from sys_user WHERE delete_flag = 0 and account_name = ? 
 2023-05-17 11:21:21.304 [DEBUG] [-] c.a.m.S.findPreciselyUserList.java:137 : ==> Parameters: admin(String) 
 2023-05-17 11:21:21.305 [DEBUG] [-] c.a.m.S.findPreciselyUserList.java:137 : <==      Total: 1 
 2023-05-17 11:21:21.503 [DEBUG] [-] c.a.m.S.findPreciselyUserList.java:137 : ==>  Preparing: select user_id, account_name, user_name, phone, password, gender, lock_flag from sys_user WHERE delete_flag = 0 and account_name = ? 
 2023-05-17 11:21:21.503 [DEBUG] [-] c.a.m.S.findPreciselyUserList.java:137 : ==> Parameters: admin(String) 
 2023-05-17 11:21:21.504 [DEBUG] [-] c.a.m.S.findPreciselyUserList.java:137 : <==      Total: 1 
 2023-05-17 11:21:21.676 [DEBUG] [-] c.a.m.S.findPreciselyUserList.java:137 : ==>  Preparing: select user_id, account_name, user_name, phone, password, gender, lock_flag from sys_user WHERE delete_flag = 0 and account_name = ? 
 2023-05-17 11:21:21.676 [DEBUG] [-] c.a.m.S.findPreciselyUserList.java:137 : ==> Parameters: admin(String) 
 2023-05-17 11:21:21.677 [DEBUG] [-] c.a.m.S.findPreciselyUserList.java:137 : <==      Total: 1 
 2023-05-17 11:21:40.379 [DEBUG] [-] c.a.m.S.findPreciselyUserList.java:137 : ==>  Preparing: select user_id, account_name, user_name, phone, password, gender, lock_flag from sys_user WHERE delete_flag = 0 and account_name = ? 
 2023-05-17 11:21:40.379 [DEBUG] [-] c.a.m.S.findPreciselyUserList.java:137 : ==> Parameters: admin(String) 
 2023-05-17 11:21:40.380 [DEBUG] [-] c.a.m.S.findPreciselyUserList.java:137 : <==      Total: 1 
 2023-05-17 11:21:40.554 [DEBUG] [-] c.a.m.S.findPreciselyUserList.java:137 : ==>  Preparing: select user_id, account_name, user_name, phone, password, gender, lock_flag from sys_user WHERE delete_flag = 0 and account_name = ? 
 2023-05-17 11:21:40.554 [DEBUG] [-] c.a.m.S.findPreciselyUserList.java:137 : ==> Parameters: admin(String) 
 2023-05-17 11:21:40.555 [DEBUG] [-] c.a.m.S.findPreciselyUserList.java:137 : <==      Total: 1 
 2023-05-17 11:21:40.714 [DEBUG] [-] c.a.m.S.findPreciselyUserList.java:137 : ==>  Preparing: select user_id, account_name, user_name, phone, password, gender, lock_flag from sys_user WHERE delete_flag = 0 and account_name = ? 
 2023-05-17 11:21:40.715 [DEBUG] [-] c.a.m.S.findPreciselyUserList.java:137 : ==> Parameters: admin(String) 
 2023-05-17 11:21:40.716 [DEBUG] [-] c.a.m.S.findPreciselyUserList.java:137 : <==      Total: 1 
 2023-05-17 11:21:40.914 [DEBUG] [-] c.a.m.S.findPreciselyUserList.java:137 : ==>  Preparing: select user_id, account_name, user_name, phone, password, gender, lock_flag from sys_user WHERE delete_flag = 0 and account_name = ? 
 2023-05-17 11:21:40.914 [DEBUG] [-] c.a.m.S.findPreciselyUserList.java:137 : ==> Parameters: admin(String) 
 2023-05-17 11:21:40.915 [DEBUG] [-] c.a.m.S.findPreciselyUserList.java:137 : <==      Total: 1 
 2023-05-17 11:21:41.093 [DEBUG] [-] c.a.m.S.findPreciselyUserList.java:137 : ==>  Preparing: select user_id, account_name, user_name, phone, password, gender, lock_flag from sys_user WHERE delete_flag = 0 and account_name = ? 
 2023-05-17 11:21:41.094 [DEBUG] [-] c.a.m.S.findPreciselyUserList.java:137 : ==> Parameters: admin(String) 
 2023-05-17 11:21:41.095 [DEBUG] [-] c.a.m.S.findPreciselyUserList.java:137 : <==      Total: 1 
 2023-05-17 15:59:11.113 [DEBUG] [-] c.a.m.S.findPreciselyUserList.java:137 : ==>  Preparing: select user_id, account_name, user_name, phone, password, gender, lock_flag from sys_user WHERE delete_flag = 0 and account_name = ? 
 2023-05-17 15:59:11.126 [DEBUG] [-] c.a.m.S.findPreciselyUserList.java:137 : ==> Parameters: admin(String) 
 2023-05-17 15:59:11.138 [DEBUG] [-] c.a.m.S.findPreciselyUserList.java:137 : <==      Total: 1 
 2023-05-17 15:59:11.151 [DEBUG] [-] c.a.m.S.findPreciselyUserList.java:137 : ==>  Preparing: select user_id, account_name, user_name, phone, password, gender, lock_flag from sys_user WHERE delete_flag = 0 and account_name = ? 
 2023-05-17 15:59:11.152 [DEBUG] [-] c.a.m.S.findPreciselyUserList.java:137 : ==> Parameters: admin(String) 
 2023-05-17 15:59:11.153 [DEBUG] [-] c.a.m.S.findPreciselyUserList.java:137 : <==      Total: 1 
 2023-05-17 15:59:11.349 [DEBUG] [-] c.a.m.S.findPreciselyUserList.java:137 : ==>  Preparing: select user_id, account_name, user_name, phone, password, gender, lock_flag from sys_user WHERE delete_flag = 0 and account_name = ? 
 2023-05-17 15:59:11.349 [DEBUG] [-] c.a.m.S.findPreciselyUserList.java:137 : ==> Parameters: admin(String) 
 2023-05-17 15:59:11.350 [DEBUG] [-] c.a.m.S.findPreciselyUserList.java:137 : <==      Total: 1 
 2023-05-17 15:59:11.515 [DEBUG] [-] c.a.m.S.findPreciselyUserList.java:137 : ==>  Preparing: select user_id, account_name, user_name, phone, password, gender, lock_flag from sys_user WHERE delete_flag = 0 and account_name = ? 
 2023-05-17 15:59:11.516 [DEBUG] [-] c.a.m.S.findPreciselyUserList.java:137 : ==> Parameters: admin(String) 
 2023-05-17 15:59:11.517 [DEBUG] [-] c.a.m.S.findPreciselyUserList.java:137 : <==      Total: 1 
 2023-05-17 15:59:35.027 [DEBUG] [-] c.a.m.S.findPreciselyUserList.java:137 : ==>  Preparing: select user_id, account_name, user_name, phone, password, gender, lock_flag from sys_user WHERE delete_flag = 0 and account_name = ? 
 2023-05-17 15:59:35.028 [DEBUG] [-] c.a.m.S.findPreciselyUserList.java:137 : ==> Parameters: admin(String) 
 2023-05-17 15:59:35.029 [DEBUG] [-] c.a.m.S.findPreciselyUserList.java:137 : <==      Total: 1 
 2023-05-17 15:59:35.660 [DEBUG] [-] c.a.m.S.findPreciselyUserList.java:137 : ==>  Preparing: select user_id, account_name, user_name, phone, password, gender, lock_flag from sys_user WHERE delete_flag = 0 and account_name = ? 
 2023-05-17 15:59:35.661 [DEBUG] [-] c.a.m.S.findPreciselyUserList.java:137 : ==> Parameters: admin(String) 
 2023-05-17 15:59:35.662 [DEBUG] [-] c.a.m.S.findPreciselyUserList.java:137 : <==      Total: 1 
 2023-05-17 15:59:35.885 [DEBUG] [-] c.a.m.S.findPreciselyUserList.java:137 : ==>  Preparing: select user_id, account_name, user_name, phone, password, gender, lock_flag from sys_user WHERE delete_flag = 0 and account_name = ? 
 2023-05-17 15:59:35.885 [DEBUG] [-] c.a.m.S.findPreciselyUserList.java:137 : ==> Parameters: admin(String) 
 2023-05-17 15:59:35.887 [DEBUG] [-] c.a.m.S.findPreciselyUserList.java:137 : <==      Total: 1 
 2023-05-17 15:59:36.067 [DEBUG] [-] c.a.m.S.findPreciselyUserList.java:137 : ==>  Preparing: select user_id, account_name, user_name, phone, password, gender, lock_flag from sys_user WHERE delete_flag = 0 and account_name = ? 
 2023-05-17 15:59:36.068 [DEBUG] [-] c.a.m.S.findPreciselyUserList.java:137 : ==> Parameters: admin(String) 
 2023-05-17 15:59:36.069 [DEBUG] [-] c.a.m.S.findPreciselyUserList.java:137 : <==      Total: 1 
 2023-05-17 15:59:40.201 [DEBUG] [-] c.a.m.S.findPreciselyUserList.java:137 : ==>  Preparing: select user_id, account_name, user_name, phone, password, gender, lock_flag from sys_user WHERE delete_flag = 0 and account_name = ? 
 2023-05-17 15:59:40.201 [DEBUG] [-] c.a.m.S.findPreciselyUserList.java:137 : ==> Parameters: admin(String) 
 2023-05-17 15:59:40.203 [DEBUG] [-] c.a.m.S.findPreciselyUserList.java:137 : <==      Total: 1 
 2023-05-17 15:59:40.686 [DEBUG] [-] c.a.m.S.findPreciselyUserList.java:137 : ==>  Preparing: select user_id, account_name, user_name, phone, password, gender, lock_flag from sys_user WHERE delete_flag = 0 and account_name = ? 
 2023-05-17 15:59:40.687 [DEBUG] [-] c.a.m.S.findPreciselyUserList.java:137 : ==> Parameters: admin(String) 
 2023-05-17 15:59:40.688 [DEBUG] [-] c.a.m.S.findPreciselyUserList.java:137 : <==      Total: 1 
 2023-05-17 20:40:55.043 [DEBUG] [-] c.a.m.S.findPreciselyUserList.java:137 : ==>  Preparing: select user_id, account_name, user_name, phone, password, gender, lock_flag from sys_user WHERE delete_flag = 0 and account_name = ? 
 2023-05-17 20:40:55.059 [DEBUG] [-] c.a.m.S.findPreciselyUserList.java:137 : ==> Parameters: admin(String) 
 2023-05-17 20:40:55.078 [DEBUG] [-] c.a.m.S.findPreciselyUserList.java:137 : <==      Total: 1 
 2023-05-17 20:40:55.178 [DEBUG] [-] c.a.m.S.findPreciselyUserList.java:137 : ==>  Preparing: select user_id, account_name, user_name, phone, password, gender, lock_flag from sys_user WHERE delete_flag = 0 and account_name = ? 
 2023-05-17 20:40:55.179 [DEBUG] [-] c.a.m.S.findPreciselyUserList.java:137 : ==> Parameters: admin(String) 
 2023-05-17 20:40:55.180 [DEBUG] [-] c.a.m.S.findPreciselyUserList.java:137 : <==      Total: 1 
 2023-05-17 20:40:55.359 [DEBUG] [-] c.a.m.S.findPreciselyUserList.java:137 : ==>  Preparing: select user_id, account_name, user_name, phone, password, gender, lock_flag from sys_user WHERE delete_flag = 0 and account_name = ? 
 2023-05-17 20:40:55.359 [DEBUG] [-] c.a.m.S.findPreciselyUserList.java:137 : ==> Parameters: admin(String) 
 2023-05-17 20:40:55.360 [DEBUG] [-] c.a.m.S.findPreciselyUserList.java:137 : <==      Total: 1 
 2023-05-17 20:40:55.540 [DEBUG] [-] c.a.m.S.findPreciselyUserList.java:137 : ==>  Preparing: select user_id, account_name, user_name, phone, password, gender, lock_flag from sys_user WHERE delete_flag = 0 and account_name = ? 
 2023-05-17 20:40:55.541 [DEBUG] [-] c.a.m.S.findPreciselyUserList.java:137 : ==> Parameters: admin(String) 
 2023-05-17 20:40:55.542 [DEBUG] [-] c.a.m.S.findPreciselyUserList.java:137 : <==      Total: 1 
 2023-05-17 20:40:55.774 [DEBUG] [-] c.a.m.S.findPreciselyUserList.java:137 : ==>  Preparing: select user_id, account_name, user_name, phone, password, gender, lock_flag from sys_user WHERE delete_flag = 0 and account_name = ? 
 2023-05-17 20:40:55.774 [DEBUG] [-] c.a.m.S.findPreciselyUserList.java:137 : ==> Parameters: admin(String) 
 2023-05-17 20:40:55.775 [DEBUG] [-] c.a.m.S.findPreciselyUserList.java:137 : <==      Total: 1 
 2023-05-17 20:40:55.967 [DEBUG] [-] c.a.m.S.findPreciselyUserList.java:137 : ==>  Preparing: select user_id, account_name, user_name, phone, password, gender, lock_flag from sys_user WHERE delete_flag = 0 and account_name = ? 
 2023-05-17 20:40:55.968 [DEBUG] [-] c.a.m.S.findPreciselyUserList.java:137 : ==> Parameters: admin(String) 
 2023-05-17 20:40:55.969 [DEBUG] [-] c.a.m.S.findPreciselyUserList.java:137 : <==      Total: 1 
 2023-05-17 20:40:56.157 [DEBUG] [-] c.a.m.S.findPreciselyUserList.java:137 : ==>  Preparing: select user_id, account_name, user_name, phone, password, gender, lock_flag from sys_user WHERE delete_flag = 0 and account_name = ? 
 2023-05-17 20:40:56.158 [DEBUG] [-] c.a.m.S.findPreciselyUserList.java:137 : ==> Parameters: admin(String) 
 2023-05-17 20:40:56.159 [DEBUG] [-] c.a.m.S.findPreciselyUserList.java:137 : <==      Total: 1 
 2023-05-17 20:40:56.329 [DEBUG] [-] c.a.m.S.findPreciselyUserList.java:137 : ==>  Preparing: select user_id, account_name, user_name, phone, password, gender, lock_flag from sys_user WHERE delete_flag = 0 and account_name = ? 
 2023-05-17 20:40:56.329 [DEBUG] [-] c.a.m.S.findPreciselyUserList.java:137 : ==> Parameters: admin(String) 
 2023-05-17 20:40:56.330 [DEBUG] [-] c.a.m.S.findPreciselyUserList.java:137 : <==      Total: 1 
 2023-05-17 20:40:56.507 [DEBUG] [-] c.a.m.S.findPreciselyUserList.java:137 : ==>  Preparing: select user_id, account_name, user_name, phone, password, gender, lock_flag from sys_user WHERE delete_flag = 0 and account_name = ? 
 2023-05-17 20:40:56.508 [DEBUG] [-] c.a.m.S.findPreciselyUserList.java:137 : ==> Parameters: admin(String) 
 2023-05-17 20:40:56.509 [DEBUG] [-] c.a.m.S.findPreciselyUserList.java:137 : <==      Total: 1 
 2023-05-17 20:40:56.697 [DEBUG] [-] c.a.m.S.findPreciselyUserList.java:137 : ==>  Preparing: select user_id, account_name, user_name, phone, password, gender, lock_flag from sys_user WHERE delete_flag = 0 and account_name = ? 
 2023-05-17 20:40:56.698 [DEBUG] [-] c.a.m.S.findPreciselyUserList.java:137 : ==> Parameters: admin(String) 
 2023-05-17 20:40:56.699 [DEBUG] [-] c.a.m.S.findPreciselyUserList.java:137 : <==      Total: 1 
 2023-05-17 20:43:00.464 [DEBUG] [-] c.a.m.S.findPreciselyUserList.java:137 : ==>  Preparing: select user_id, account_name, user_name, phone, password, gender, lock_flag from sys_user WHERE delete_flag = 0 and account_name = ? 
 2023-05-17 20:43:00.465 [DEBUG] [-] c.a.m.S.findPreciselyUserList.java:137 : ==> Parameters: admin(String) 
 2023-05-17 20:43:00.467 [DEBUG] [-] c.a.m.S.findPreciselyUserList.java:137 : <==      Total: 1 
 2023-05-17 20:43:00.651 [DEBUG] [-] c.a.m.S.findPreciselyUserList.java:137 : ==>  Preparing: select user_id, account_name, user_name, phone, password, gender, lock_flag from sys_user WHERE delete_flag = 0 and account_name = ? 
 2023-05-17 20:43:00.652 [DEBUG] [-] c.a.m.S.findPreciselyUserList.java:137 : ==> Parameters: admin(String) 
 2023-05-17 20:43:00.653 [DEBUG] [-] c.a.m.S.findPreciselyUserList.java:137 : <==      Total: 1 
 2023-05-17 20:43:00.825 [DEBUG] [-] c.a.m.S.findPreciselyUserList.java:137 : ==>  Preparing: select user_id, account_name, user_name, phone, password, gender, lock_flag from sys_user WHERE delete_flag = 0 and account_name = ? 
 2023-05-17 20:43:00.826 [DEBUG] [-] c.a.m.S.findPreciselyUserList.java:137 : ==> Parameters: admin(String) 
 2023-05-17 20:43:00.828 [DEBUG] [-] c.a.m.S.findPreciselyUserList.java:137 : <==      Total: 1 
 2023-05-17 20:43:01.067 [DEBUG] [-] c.a.m.S.findPreciselyUserList.java:137 : ==>  Preparing: select user_id, account_name, user_name, phone, password, gender, lock_flag from sys_user WHERE delete_flag = 0 and account_name = ? 
 2023-05-17 20:43:01.068 [DEBUG] [-] c.a.m.S.findPreciselyUserList.java:137 : ==> Parameters: admin(String) 
 2023-05-17 20:43:01.069 [DEBUG] [-] c.a.m.S.findPreciselyUserList.java:137 : <==      Total: 1 
 2023-05-17 20:43:01.267 [DEBUG] [-] c.a.m.S.findPreciselyUserList.java:137 : ==>  Preparing: select user_id, account_name, user_name, phone, password, gender, lock_flag from sys_user WHERE delete_flag = 0 and account_name = ? 
 2023-05-17 20:43:01.268 [DEBUG] [-] c.a.m.S.findPreciselyUserList.java:137 : ==> Parameters: admin(String) 
 2023-05-17 20:43:01.270 [DEBUG] [-] c.a.m.S.findPreciselyUserList.java:137 : <==      Total: 1 
 2023-05-17 20:48:55.496 [DEBUG] [-] c.a.m.S.findPreciselyUserList.java:137 : ==>  Preparing: select user_id, account_name, user_name, phone, password, gender, lock_flag from sys_user WHERE delete_flag = 0 and account_name = ? 
 2023-05-17 20:48:55.496 [DEBUG] [-] c.a.m.S.findPreciselyUserList.java:137 : ==> Parameters: admin(String) 
 2023-05-17 20:48:55.498 [DEBUG] [-] c.a.m.S.findPreciselyUserList.java:137 : <==      Total: 1 
 2023-05-17 20:48:55.668 [DEBUG] [-] c.a.m.S.findPreciselyUserList.java:137 : ==>  Preparing: select user_id, account_name, user_name, phone, password, gender, lock_flag from sys_user WHERE delete_flag = 0 and account_name = ? 
 2023-05-17 20:48:55.669 [DEBUG] [-] c.a.m.S.findPreciselyUserList.java:137 : ==> Parameters: admin(String) 
 2023-05-17 20:48:55.670 [DEBUG] [-] c.a.m.S.findPreciselyUserList.java:137 : <==      Total: 1 
 2023-05-17 20:49:00.829 [DEBUG] [-] c.a.m.S.findPreciselyUserList.java:137 : ==>  Preparing: select user_id, account_name, user_name, phone, password, gender, lock_flag from sys_user WHERE delete_flag = 0 and account_name = ? 
 2023-05-17 20:49:00.830 [DEBUG] [-] c.a.m.S.findPreciselyUserList.java:137 : ==> Parameters: admin(String) 
 2023-05-17 20:49:00.831 [DEBUG] [-] c.a.m.S.findPreciselyUserList.java:137 : <==      Total: 1 
 2023-05-17 20:49:01.169 [DEBUG] [-] c.a.m.S.findPreciselyUserList.java:137 : ==>  Preparing: select user_id, account_name, user_name, phone, password, gender, lock_flag from sys_user WHERE delete_flag = 0 and account_name = ? 
 2023-05-17 20:49:01.169 [DEBUG] [-] c.a.m.S.findPreciselyUserList.java:137 : ==> Parameters: admin(String) 
 2023-05-17 20:49:01.169 [DEBUG] [-] c.a.m.S.findPreciselyUserList.java:137 : <==      Total: 1 
 2023-05-17 20:49:01.354 [DEBUG] [-] c.a.m.S.findPreciselyUserList.java:137 : ==>  Preparing: select user_id, account_name, user_name, phone, password, gender, lock_flag from sys_user WHERE delete_flag = 0 and account_name = ? 
 2023-05-17 20:49:01.354 [DEBUG] [-] c.a.m.S.findPreciselyUserList.java:137 : ==> Parameters: admin(String) 
 2023-05-17 20:49:01.356 [DEBUG] [-] c.a.m.S.findPreciselyUserList.java:137 : <==      Total: 1 
 2023-05-17 20:49:01.532 [DEBUG] [-] c.a.m.S.findPreciselyUserList.java:137 : ==>  Preparing: select user_id, account_name, user_name, phone, password, gender, lock_flag from sys_user WHERE delete_flag = 0 and account_name = ? 
 2023-05-17 20:49:01.533 [DEBUG] [-] c.a.m.S.findPreciselyUserList.java:137 : ==> Parameters: admin(String) 
 2023-05-17 20:49:01.534 [DEBUG] [-] c.a.m.S.findPreciselyUserList.java:137 : <==      Total: 1 
 2023-05-17 20:50:05.375 [DEBUG] [-] c.a.m.S.findPreciselyUserList.java:137 : ==>  Preparing: select user_id, account_name, user_name, phone, password, gender, lock_flag from sys_user WHERE delete_flag = 0 and account_name = ? 
 2023-05-17 20:50:05.375 [DEBUG] [-] c.a.m.S.findPreciselyUserList.java:137 : ==> Parameters: admin(String) 
 2023-05-17 20:50:05.377 [DEBUG] [-] c.a.m.S.findPreciselyUserList.java:137 : <==      Total: 1 
 2023-05-17 20:50:05.532 [DEBUG] [-] c.a.m.S.findPreciselyUserList.java:137 : ==>  Preparing: select user_id, account_name, user_name, phone, password, gender, lock_flag from sys_user WHERE delete_flag = 0 and account_name = ? 
 2023-05-17 20:50:05.532 [DEBUG] [-] c.a.m.S.findPreciselyUserList.java:137 : ==> Parameters: admin(String) 
 2023-05-17 20:50:05.533 [DEBUG] [-] c.a.m.S.findPreciselyUserList.java:137 : <==      Total: 1 
 2023-05-17 20:50:05.725 [DEBUG] [-] c.a.m.S.findPreciselyUserList.java:137 : ==>  Preparing: select user_id, account_name, user_name, phone, password, gender, lock_flag from sys_user WHERE delete_flag = 0 and account_name = ? 
 2023-05-17 20:50:05.725 [DEBUG] [-] c.a.m.S.findPreciselyUserList.java:137 : ==> Parameters: admin(String) 
 2023-05-17 20:50:05.726 [DEBUG] [-] c.a.m.S.findPreciselyUserList.java:137 : <==      Total: 1 
 2023-05-17 20:50:05.896 [DEBUG] [-] c.a.m.S.findPreciselyUserList.java:137 : ==>  Preparing: select user_id, account_name, user_name, phone, password, gender, lock_flag from sys_user WHERE delete_flag = 0 and account_name = ? 
 2023-05-17 20:50:05.897 [DEBUG] [-] c.a.m.S.findPreciselyUserList.java:137 : ==> Parameters: admin(String) 
 2023-05-17 20:50:05.898 [DEBUG] [-] c.a.m.S.findPreciselyUserList.java:137 : <==      Total: 1 
 2023-05-17 20:50:06.072 [DEBUG] [-] c.a.m.S.findPreciselyUserList.java:137 : ==>  Preparing: select user_id, account_name, user_name, phone, password, gender, lock_flag from sys_user WHERE delete_flag = 0 and account_name = ? 
 2023-05-17 20:50:06.072 [DEBUG] [-] c.a.m.S.findPreciselyUserList.java:137 : ==> Parameters: admin(String) 
 2023-05-17 20:50:06.073 [DEBUG] [-] c.a.m.S.findPreciselyUserList.java:137 : <==      Total: 1 
 2023-05-17 20:50:06.244 [DEBUG] [-] c.a.m.S.findPreciselyUserList.java:137 : ==>  Preparing: select user_id, account_name, user_name, phone, password, gender, lock_flag from sys_user WHERE delete_flag = 0 and account_name = ? 
 2023-05-17 20:50:06.245 [DEBUG] [-] c.a.m.S.findPreciselyUserList.java:137 : ==> Parameters: admin(String) 
 2023-05-17 20:50:06.246 [DEBUG] [-] c.a.m.S.findPreciselyUserList.java:137 : <==      Total: 1 
 2023-05-17 20:50:06.442 [DEBUG] [-] c.a.m.S.findPreciselyUserList.java:137 : ==>  Preparing: select user_id, account_name, user_name, phone, password, gender, lock_flag from sys_user WHERE delete_flag = 0 and account_name = ? 
 2023-05-17 20:50:06.443 [DEBUG] [-] c.a.m.S.findPreciselyUserList.java:137 : ==> Parameters: admin(String) 
 2023-05-17 20:50:06.444 [DEBUG] [-] c.a.m.S.findPreciselyUserList.java:137 : <==      Total: 1 
 2023-05-17 20:51:00.332 [DEBUG] [-] c.a.m.S.findPreciselyUserList.java:137 : ==>  Preparing: select user_id, account_name, user_name, phone, password, gender, lock_flag from sys_user WHERE delete_flag = 0 and account_name = ? 
 2023-05-17 20:51:00.333 [DEBUG] [-] c.a.m.S.findPreciselyUserList.java:137 : ==> Parameters: 超级管理员(String) 
 2023-05-17 20:51:00.333 [DEBUG] [-] c.a.m.S.findPreciselyUserList.java:137 : <==      Total: 0 
 2023-05-17 20:51:01.059 [DEBUG] [-] c.a.m.S.findPreciselyUserList.java:137 : ==>  Preparing: select user_id, account_name, user_name, phone, password, gender, lock_flag from sys_user WHERE delete_flag = 0 and account_name = ? 
 2023-05-17 20:51:01.060 [DEBUG] [-] c.a.m.S.findPreciselyUserList.java:137 : ==> Parameters: 超级管理员(String) 
 2023-05-17 20:51:01.061 [DEBUG] [-] c.a.m.S.findPreciselyUserList.java:137 : <==      Total: 0 
 2023-05-17 20:51:06.988 [DEBUG] [-] c.a.m.S.findPreciselyUserList.java:137 : ==>  Preparing: select user_id, account_name, user_name, phone, password, gender, lock_flag from sys_user WHERE delete_flag = 0 and account_name = ? 
 2023-05-17 20:51:06.988 [DEBUG] [-] c.a.m.S.findPreciselyUserList.java:137 : ==> Parameters: admin(String) 
 2023-05-17 20:51:06.988 [DEBUG] [-] c.a.m.S.findPreciselyUserList.java:137 : <==      Total: 1 
 2023-05-17 20:51:07.432 [DEBUG] [-] c.a.m.S.findPreciselyUserList.java:137 : ==>  Preparing: select user_id, account_name, user_name, phone, password, gender, lock_flag from sys_user WHERE delete_flag = 0 and account_name = ? 
 2023-05-17 20:51:07.432 [DEBUG] [-] c.a.m.S.findPreciselyUserList.java:137 : ==> Parameters: admin(String) 
 2023-05-17 20:51:07.434 [DEBUG] [-] c.a.m.S.findPreciselyUserList.java:137 : <==      Total: 1 
 2023-05-17 20:51:07.609 [DEBUG] [-] c.a.m.S.findPreciselyUserList.java:137 : ==>  Preparing: select user_id, account_name, user_name, phone, password, gender, lock_flag from sys_user WHERE delete_flag = 0 and account_name = ? 
 2023-05-17 20:51:07.610 [DEBUG] [-] c.a.m.S.findPreciselyUserList.java:137 : ==> Parameters: admin(String) 
 2023-05-17 20:51:07.611 [DEBUG] [-] c.a.m.S.findPreciselyUserList.java:137 : <==      Total: 1 
 2023-05-17 20:51:07.796 [DEBUG] [-] c.a.m.S.findPreciselyUserList.java:137 : ==>  Preparing: select user_id, account_name, user_name, phone, password, gender, lock_flag from sys_user WHERE delete_flag = 0 and account_name = ? 
 2023-05-17 20:51:07.797 [DEBUG] [-] c.a.m.S.findPreciselyUserList.java:137 : ==> Parameters: admin(String) 
 2023-05-17 20:51:07.798 [DEBUG] [-] c.a.m.S.findPreciselyUserList.java:137 : <==      Total: 1 
 2023-05-17 20:51:24.549 [DEBUG] [-] c.a.m.S.findPreciselyUserList.java:137 : ==>  Preparing: select user_id, account_name, user_name, phone, password, gender, lock_flag from sys_user WHERE delete_flag = 0 and account_name = ? 
 2023-05-17 20:51:24.549 [DEBUG] [-] c.a.m.S.findPreciselyUserList.java:137 : ==> Parameters: admin(String) 
 2023-05-17 20:51:24.550 [DEBUG] [-] c.a.m.S.findPreciselyUserList.java:137 : <==      Total: 1 
 2023-05-17 20:51:25.114 [DEBUG] [-] c.a.m.S.findPreciselyUserList.java:137 : ==>  Preparing: select user_id, account_name, user_name, phone, password, gender, lock_flag from sys_user WHERE delete_flag = 0 and account_name = ? 
 2023-05-17 20:51:25.115 [DEBUG] [-] c.a.m.S.findPreciselyUserList.java:137 : ==> Parameters: admin(String) 
 2023-05-17 20:51:25.116 [DEBUG] [-] c.a.m.S.findPreciselyUserList.java:137 : <==      Total: 1 
 2023-05-17 20:51:25.293 [DEBUG] [-] c.a.m.S.findPreciselyUserList.java:137 : ==>  Preparing: select user_id, account_name, user_name, phone, password, gender, lock_flag from sys_user WHERE delete_flag = 0 and account_name = ? 
 2023-05-17 20:51:25.294 [DEBUG] [-] c.a.m.S.findPreciselyUserList.java:137 : ==> Parameters: admin(String) 
 2023-05-17 20:51:25.295 [DEBUG] [-] c.a.m.S.findPreciselyUserList.java:137 : <==      Total: 1 
 2023-05-17 20:51:25.483 [DEBUG] [-] c.a.m.S.findPreciselyUserList.java:137 : ==>  Preparing: select user_id, account_name, user_name, phone, password, gender, lock_flag from sys_user WHERE delete_flag = 0 and account_name = ? 
 2023-05-17 20:51:25.484 [DEBUG] [-] c.a.m.S.findPreciselyUserList.java:137 : ==> Parameters: admin(String) 
 2023-05-17 20:51:25.485 [DEBUG] [-] c.a.m.S.findPreciselyUserList.java:137 : <==      Total: 1 
 2023-05-17 20:51:57.214 [DEBUG] [-] c.a.m.S.findPreciselyUserList.java:137 : ==>  Preparing: select user_id, account_name, user_name, phone, password, gender, lock_flag from sys_user WHERE delete_flag = 0 and account_name = ? 
 2023-05-17 20:51:57.215 [DEBUG] [-] c.a.m.S.findPreciselyUserList.java:137 : ==> Parameters: admin(String) 
 2023-05-17 20:51:57.215 [DEBUG] [-] c.a.m.S.findPreciselyUserList.java:137 : <==      Total: 1 
 2023-05-17 20:51:57.775 [DEBUG] [-] c.a.m.S.findPreciselyUserList.java:137 : ==>  Preparing: select user_id, account_name, user_name, phone, password, gender, lock_flag from sys_user WHERE delete_flag = 0 and account_name = ? 
 2023-05-17 20:51:57.776 [DEBUG] [-] c.a.m.S.findPreciselyUserList.java:137 : ==> Parameters: admin(String) 
 2023-05-17 20:51:57.777 [DEBUG] [-] c.a.m.S.findPreciselyUserList.java:137 : <==      Total: 1 
 2023-05-17 20:51:57.968 [DEBUG] [-] c.a.m.S.findPreciselyUserList.java:137 : ==>  Preparing: select user_id, account_name, user_name, phone, password, gender, lock_flag from sys_user WHERE delete_flag = 0 and account_name = ? 
 2023-05-17 20:51:57.968 [DEBUG] [-] c.a.m.S.findPreciselyUserList.java:137 : ==> Parameters: admin(String) 
 2023-05-17 20:51:57.969 [DEBUG] [-] c.a.m.S.findPreciselyUserList.java:137 : <==      Total: 1 
 2023-05-17 20:51:58.173 [DEBUG] [-] c.a.m.S.findPreciselyUserList.java:137 : ==>  Preparing: select user_id, account_name, user_name, phone, password, gender, lock_flag from sys_user WHERE delete_flag = 0 and account_name = ? 
 2023-05-17 20:51:58.173 [DEBUG] [-] c.a.m.S.findPreciselyUserList.java:137 : ==> Parameters: admin(String) 
 2023-05-17 20:51:58.174 [DEBUG] [-] c.a.m.S.findPreciselyUserList.java:137 : <==      Total: 1 
 2023-05-17 20:51:58.373 [DEBUG] [-] c.a.m.S.findPreciselyUserList.java:137 : ==>  Preparing: select user_id, account_name, user_name, phone, password, gender, lock_flag from sys_user WHERE delete_flag = 0 and account_name = ? 
 2023-05-17 20:51:58.374 [DEBUG] [-] c.a.m.S.findPreciselyUserList.java:137 : ==> Parameters: admin(String) 
 2023-05-17 20:51:58.376 [DEBUG] [-] c.a.m.S.findPreciselyUserList.java:137 : <==      Total: 1 
 2023-05-17 20:52:04.840 [DEBUG] [-] c.a.m.S.findPreciselyUserList.java:137 : ==>  Preparing: select user_id, account_name, user_name, phone, password, gender, lock_flag from sys_user WHERE delete_flag = 0 and account_name = ? 
 2023-05-17 20:52:04.841 [DEBUG] [-] c.a.m.S.findPreciselyUserList.java:137 : ==> Parameters: admin(String) 
 2023-05-17 20:52:04.842 [DEBUG] [-] c.a.m.S.findPreciselyUserList.java:137 : <==      Total: 1 
 2023-05-17 20:52:05.033 [DEBUG] [-] c.a.m.S.findPreciselyUserList.java:137 : ==>  Preparing: select user_id, account_name, user_name, phone, password, gender, lock_flag from sys_user WHERE delete_flag = 0 and account_name = ? 
 2023-05-17 20:52:05.034 [DEBUG] [-] c.a.m.S.findPreciselyUserList.java:137 : ==> Parameters: admin(String) 
 2023-05-17 20:52:05.035 [DEBUG] [-] c.a.m.S.findPreciselyUserList.java:137 : <==      Total: 1 
 2023-05-17 20:52:11.218 [DEBUG] [-] c.a.m.S.findPreciselyUserList.java:137 : ==>  Preparing: select user_id, account_name, user_name, phone, password, gender, lock_flag from sys_user WHERE delete_flag = 0 and account_name = ? 
 2023-05-17 20:52:11.218 [DEBUG] [-] c.a.m.S.findPreciselyUserList.java:137 : ==> Parameters: admin(String) 
 2023-05-17 20:52:11.219 [DEBUG] [-] c.a.m.S.findPreciselyUserList.java:137 : <==      Total: 1 
 2023-05-17 20:52:12.004 [DEBUG] [-] c.a.m.S.findPreciselyUserList.java:137 : ==>  Preparing: select user_id, account_name, user_name, phone, password, gender, lock_flag from sys_user WHERE delete_flag = 0 and account_name = ? 
 2023-05-17 20:52:12.004 [DEBUG] [-] c.a.m.S.findPreciselyUserList.java:137 : ==> Parameters: admin(String) 
 2023-05-17 20:52:12.005 [DEBUG] [-] c.a.m.S.findPreciselyUserList.java:137 : <==      Total: 1 
 2023-05-17 20:52:12.205 [DEBUG] [-] c.a.m.S.findPreciselyUserList.java:137 : ==>  Preparing: select user_id, account_name, user_name, phone, password, gender, lock_flag from sys_user WHERE delete_flag = 0 and account_name = ? 
 2023-05-17 20:52:12.205 [DEBUG] [-] c.a.m.S.findPreciselyUserList.java:137 : ==> Parameters: admin(String) 
 2023-05-17 20:52:12.206 [DEBUG] [-] c.a.m.S.findPreciselyUserList.java:137 : <==      Total: 1 
 2023-05-17 20:52:16.121 [DEBUG] [-] c.a.m.S.findPreciselyUserList.java:137 : ==>  Preparing: select user_id, account_name, user_name, phone, password, gender, lock_flag from sys_user WHERE delete_flag = 0 and account_name = ? 
 2023-05-17 20:52:16.122 [DEBUG] [-] c.a.m.S.findPreciselyUserList.java:137 : ==> Parameters: admin(String) 
 2023-05-17 20:52:16.122 [DEBUG] [-] c.a.m.S.findPreciselyUserList.java:137 : <==      Total: 1 
 2023-05-17 20:52:18.530 [DEBUG] [-] c.a.m.S.findPreciselyUserList.java:137 : ==>  Preparing: select user_id, account_name, user_name, phone, password, gender, lock_flag from sys_user WHERE delete_flag = 0 and account_name = ? 
 2023-05-17 20:52:18.530 [DEBUG] [-] c.a.m.S.findPreciselyUserList.java:137 : ==> Parameters: admin(String) 
 2023-05-17 20:52:18.531 [DEBUG] [-] c.a.m.S.findPreciselyUserList.java:137 : <==      Total: 1 
 2023-05-17 20:52:18.794 [DEBUG] [-] c.a.m.S.findPreciselyUserList.java:137 : ==>  Preparing: select user_id, account_name, user_name, phone, password, gender, lock_flag from sys_user WHERE delete_flag = 0 and account_name = ? 
 2023-05-17 20:52:18.794 [DEBUG] [-] c.a.m.S.findPreciselyUserList.java:137 : ==> Parameters: admin(String) 
 2023-05-17 20:52:18.796 [DEBUG] [-] c.a.m.S.findPreciselyUserList.java:137 : <==      Total: 1 
 2023-05-17 20:52:20.118 [DEBUG] [-] c.a.m.S.findPreciselyUserList.java:137 : ==>  Preparing: select user_id, account_name, user_name, phone, password, gender, lock_flag from sys_user WHERE delete_flag = 0 and account_name = ? 
 2023-05-17 20:52:20.118 [DEBUG] [-] c.a.m.S.findPreciselyUserList.java:137 : ==> Parameters: admin(String) 
 2023-05-17 20:52:20.119 [DEBUG] [-] c.a.m.S.findPreciselyUserList.java:137 : <==      Total: 1 
 2023-05-17 20:52:21.707 [DEBUG] [-] c.a.m.S.findPreciselyUserList.java:137 : ==>  Preparing: select user_id, account_name, user_name, phone, password, gender, lock_flag from sys_user WHERE delete_flag = 0 and account_name = ? 
 2023-05-17 20:52:21.708 [DEBUG] [-] c.a.m.S.findPreciselyUserList.java:137 : ==> Parameters: admin(String) 
 2023-05-17 20:52:21.709 [DEBUG] [-] c.a.m.S.findPreciselyUserList.java:137 : <==      Total: 1 
 2023-05-17 20:52:21.932 [DEBUG] [-] c.a.m.S.findPreciselyUserList.java:137 : ==>  Preparing: select user_id, account_name, user_name, phone, password, gender, lock_flag from sys_user WHERE delete_flag = 0 and account_name = ? 
 2023-05-17 20:52:21.933 [DEBUG] [-] c.a.m.S.findPreciselyUserList.java:137 : ==> Parameters: admin(String) 
 2023-05-17 20:52:21.934 [DEBUG] [-] c.a.m.S.findPreciselyUserList.java:137 : <==      Total: 1 
 2023-05-17 20:52:50.120 [DEBUG] [-] c.a.m.S.findPreciselyUserList.java:137 : ==>  Preparing: select user_id, account_name, user_name, phone, password, gender, lock_flag from sys_user WHERE delete_flag = 0 and account_name = ? 
 2023-05-17 20:52:50.121 [DEBUG] [-] c.a.m.S.findPreciselyUserList.java:137 : ==> Parameters: admin(String) 
 2023-05-17 20:52:50.123 [DEBUG] [-] c.a.m.S.findPreciselyUserList.java:137 : <==      Total: 1 
 2023-05-17 20:52:50.309 [DEBUG] [-] c.a.m.S.findPreciselyUserList.java:137 : ==>  Preparing: select user_id, account_name, user_name, phone, password, gender, lock_flag from sys_user WHERE delete_flag = 0 and account_name = ? 
 2023-05-17 20:52:50.310 [DEBUG] [-] c.a.m.S.findPreciselyUserList.java:137 : ==> Parameters: admin(String) 
 2023-05-17 20:52:50.311 [DEBUG] [-] c.a.m.S.findPreciselyUserList.java:137 : <==      Total: 1 
 2023-05-17 20:52:50.737 [DEBUG] [-] c.a.m.S.findPreciselyUserList.java:137 : ==>  Preparing: select user_id, account_name, user_name, phone, password, gender, lock_flag from sys_user WHERE delete_flag = 0 and account_name = ? 
 2023-05-17 20:52:50.737 [DEBUG] [-] c.a.m.S.findPreciselyUserList.java:137 : ==> Parameters: admin(String) 
 2023-05-17 20:52:50.739 [DEBUG] [-] c.a.m.S.findPreciselyUserList.java:137 : <==      Total: 1 
 